0 info it worked if it ends with ok
1 verbose cli [ '/usr/local/bin/node', '/usr/local/bin/npm', 'run', 'build' ]
2 info using npm@6.10.3
3 info using node@v12.10.0
4 verbose config Skipping project config: /usr/src/app/.npmrc. (matches userconfig)
5 verbose run-script [ 'prebuild', 'build', 'postbuild' ]
6 info lifecycle portal-user@1.0.0~prebuild: portal-user@1.0.0
7 info lifecycle portal-user@1.0.0~build: portal-user@1.0.0
8 verbose lifecycle portal-user@1.0.0~build: unsafe-perm in lifecycle true
9 verbose lifecycle portal-user@1.0.0~build: PATH: /usr/local/lib/node_modules/npm/node_modules/npm-lifecycle/node-gyp-bin:/usr/src/app/node_modules/.bin:/usr/local/sbin:/usr/local/bin:/usr/sbin:/usr/bin:/sbin:/bin
10 verbose lifecycle portal-user@1.0.0~build: CWD: /usr/src/app
11 silly lifecycle portal-user@1.0.0~build: Args: [ '-c', 'npm run clean && ng build && tsc' ]
12 silly lifecycle portal-user@1.0.0~build: Returned: code: 1  signal: null
13 info lifecycle portal-user@1.0.0~build: Failed to exec build script
14 verbose stack Error: portal-user@1.0.0 build: `npm run clean && ng build && tsc`
14 verbose stack Exit status 1
14 verbose stack     at EventEmitter.<anonymous> (/usr/local/lib/node_modules/npm/node_modules/npm-lifecycle/index.js:326:16)
14 verbose stack     at EventEmitter.emit (events.js:209:13)
14 verbose stack     at ChildProcess.<anonymous> (/usr/local/lib/node_modules/npm/node_modules/npm-lifecycle/lib/spawn.js:55:14)
14 verbose stack     at ChildProcess.emit (events.js:209:13)
14 verbose stack     at maybeClose (internal/child_process.js:1021:16)
14 verbose stack     at Process.ChildProcess._handle.onexit (internal/child_process.js:283:5)
15 verbose pkgid portal-user@1.0.0
16 verbose cwd /usr/src/app
17 verbose Linux 4.9.184-linuxkit
18 verbose argv "/usr/local/bin/node" "/usr/local/bin/npm" "run" "build"
19 verbose node v12.10.0
20 verbose npm  v6.10.3
21 error code ELIFECYCLE
22 error errno 1
23 error portal-user@1.0.0 build: `npm run clean && ng build && tsc`
23 error Exit status 1
24 error Failed at the portal-user@1.0.0 build script.
24 error This is probably not a problem with npm. There is likely additional logging output above.
25 verbose exit [ 1, true ]
